<?xml version="1.0" encoding="UTF-8"?>
<!-- Generated by org.testng.reporters.JUnitReportReporter -->
<testsuite hostname="DESKTOP-3BP8S7P" failures="0" tests="1" name="com.recipe.testCases.TC_001_HyperTension" time="4.018" errors="0" timestamp="2023-12-13T14:00:08 CST" skipped="0">
  <testcase classname="com.recipe.testCases.TC_001_HyperTension" name="hypertension" time="4.018"/>
  <system-out/>
</testsuite> <!-- com.recipe.testCases.TC_001_HyperTension -->
