<?xml version="1.0" encoding="UTF-8"?>
<!-- Generated by org.testng.reporters.JUnitReportReporter -->
<testsuite hostname="Deepthi-Windows-PC" failures="0" tests="1" name="com.recipe.testCases.TC_002_HypoThyroidism" time="1.147" errors="1" timestamp="2023-12-18T18:49:36 EST" skipped="0">
  <testcase classname="com.recipe.testCases.TC_002_HypoThyroidism" name="hypoThyrodism" time="1.147">
    <error message=".\TestData\Team7_Scraping_Spatulas_ScrapedRecipes.xlsx (The process cannot access the file because it is being used by another process)" type="java.io.FileNotFoundException">
      <![CDATA[java.io.FileNotFoundException: .\TestData\Team7_Scraping_Spatulas_ScrapedRecipes.xlsx (The process cannot access the file because it is being used by another process)
at java.base/java.io.FileOutputStream.open0(Native Method)
at java.base/java.io.FileOutputStream.open(FileOutputStream.java:289)
at java.base/java.io.FileOutputStream.<init>(FileOutputStream.java:230)
at java.base/java.io.FileOutputStream.<init>(FileOutputStream.java:118)
at com.recipe.utilities.ExcelUtility.setCellData(ExcelUtility.java:105)
at com.recipe.testCases.TC_002_HypoThyroidism.hypoThyrodism(TC_002_HypoThyroidism.java:46)
at java.base/jdk.internal.reflect.DirectMethodHandleAccessor.invoke(DirectMethodHandleAccessor.java:103)
at java.base/java.lang.reflect.Method.invoke(Method.java:580)
at org.testng.internal.MethodInvocationHelper.invokeMethod(MethodInvocationHelper.java:133)
at org.testng.internal.TestInvoker.invokeMethod(TestInvoker.java:598)
at org.testng.internal.TestInvoker.invokeTestMethod(TestInvoker.java:173)
at org.testng.internal.MethodRunner.runInSequence(MethodRunner.java:46)
at org.testng.internal.TestInvoker$MethodInvocationAgent.invoke(TestInvoker.java:824)
at org.testng.internal.TestInvoker.invokeTestMethods(TestInvoker.java:146)
at org.testng.internal.TestMethodWorker.invokeTestMethods(TestMethodWorker.java:146)
at org.testng.internal.TestMethodWorker.run(TestMethodWorker.java:128)
at java.base/java.util.ArrayList.forEach(ArrayList.java:1596)
at org.testng.TestRunner.privateRun(TestRunner.java:794)
at org.testng.TestRunner.run(TestRunner.java:596)
at org.testng.SuiteRunner.runTest(SuiteRunner.java:377)
at org.testng.SuiteRunner.runSequentially(SuiteRunner.java:371)
at org.testng.SuiteRunner.privateRun(SuiteRunner.java:332)
at org.testng.SuiteRunner.run(SuiteRunner.java:276)
at org.testng.SuiteRunnerWorker.runSuite(SuiteRunnerWorker.java:53)
at org.testng.SuiteRunnerWorker.run(SuiteRunnerWorker.java:96)
at org.testng.TestNG.runSuitesSequentially(TestNG.java:1212)
at org.testng.TestNG.runSuitesLocally(TestNG.java:1134)
at org.testng.TestNG.runSuites(TestNG.java:1063)
at org.testng.TestNG.run(TestNG.java:1031)
at org.testng.remote.AbstractRemoteTestNG.run(AbstractRemoteTestNG.java:115)
at org.testng.remote.RemoteTestNG.initAndRun(RemoteTestNG.java:251)
at org.testng.remote.RemoteTestNG.main(RemoteTestNG.java:77)
]]>
    </error>
  </testcase> <!-- hypoThyrodism -->
  <system-out/>
</testsuite> <!-- com.recipe.testCases.TC_002_HypoThyroidism -->
