<?xml version="1.0" encoding="UTF-8"?>
<!-- Generated by org.testng.reporters.JUnitReportReporter -->
<testsuite hostname="Deepthi-Windows-PC" failures="0" tests="1" name="com.recipe.testCases.TC_001_HyperTension" time="31.326" errors="0" timestamp="2023-12-13T23:36:16 EST" skipped="0">
  <testcase classname="com.recipe.testCases.TC_001_HyperTension" name="hypertension" time="31.326"/>
  <system-out/>
</testsuite> <!-- com.recipe.testCases.TC_001_HyperTension -->
